Arguments: 
  C:\Program Files\nodejs\node.exe C:\Users\任金辉\AppData\Roaming\npm\node_modules\yarn\bin\yarn.js add commonder

PATH: 
  C:\Program Files (x86)\Common Files\Oracle\Java\javapath;C:\Program Files (x86)\Intel\iCLS Client\;C:\Program Files\Intel\iCLS Client\;C:\WINDOWS\system32;C:\WINDOWS;C:\WINDOWS\System32\Wbem;C:\WINDOWS\System32\WindowsPowerShell\v1.0\;C:\Program Files (x86)\Intel\Intel(R) Management Engine Components\DAL;C:\Program Files\Intel\Intel(R) Management Engine Components\DAL;C:\Program Files (x86)\Intel\Intel(R) Management Engine Components\IPT;C:\Program Files\Intel\Intel(R) Management Engine Components\IPT;C:\Program Files\Git\cmd;C:\WINDOWS\System32\OpenSSH\;C:\Program Files\Microsoft VS Code\bin;C:\Program Files\JetBrains\WebStorm 2018.1.2\bin\webstorm64.exe;C:\Users\任金辉\AppData\Local\Yarn\bin;C:\Program Files\Intel\WiFi\bin\;C:\Program Files\Common Files\Intel\WirelessCommon\;C:\Program Files\nodejs\;C:\Users\任金辉\AppData\Local\Programs\Python\Python37\Scripts\;C:\Users\任金辉\AppData\Local\Programs\Python\Python37\;C:\Users\任金辉\AppData\Local\Microsoft\WindowsApps;C:\Users\任金辉\AppData\Local\BypassRuntm;C:\Users\任金辉\AppData\Local\Microsoft\WindowsApps;C:\flutter_learn\flutter\bin;C:\SDK;C:\Users\任金辉\AppData\Roaming\npm;

Yarn version: 
  1.22.5

Node version: 
  12.13.1

Platform: 
  win32 x64

Trace: 
  Error: https://registry.yarnpkg.com/commonder: Not found
      at Request.params.callback [as _callback] (C:\Users\任金辉\AppData\Roaming\npm\node_modules\yarn\lib\cli.js:66988:18)
      at Request.self.callback (C:\Users\任金辉\AppData\Roaming\npm\node_modules\yarn\lib\cli.js:140662:22)
      at Request.emit (events.js:210:5)
      at Request.<anonymous> (C:\Users\任金辉\AppData\Roaming\npm\node_modules\yarn\lib\cli.js:141634:10)
      at Request.emit (events.js:210:5)
      at IncomingMessage.<anonymous> (C:\Users\任金辉\AppData\Roaming\npm\node_modules\yarn\lib\cli.js:141556:12)
      at Object.onceWrapper (events.js:299:28)
      at IncomingMessage.emit (events.js:215:7)
      at endReadableNT (_stream_readable.js:1184:12)
      at processTicksAndRejections (internal/process/task_queues.js:80:21)

npm manifest: 
  {
    "name": "day1",
    "version": "1.0.0",
    "description": "npm install xx --save",
    "main": "2_node的全局变量.js",
    "scripts": {
      "qqq": "node ./2_node的全局变量.js --qqq=213 www=234"
    },
    "keywords": [],
    "author": "",
    "license": "ISC"
  }

yarn manifest: 
  No manifest

Lockfile: 
  No lockfile
