2021-06-08 22:05:26,352 ERROR 10136 [-/127.0.0.1/-/30ms GET /] nodejs.Error: Please set config.keys first
    at Application.get keys [as keys] (C:\珠峰培训\21框架2期\iframe-2021-02\learn_node\day3\lear-egg\node_modules\egg\lib\application.js:266:15)
    at Object.get cookies [as cookies] (C:\珠峰培训\21框架2期\iframe-2021-02\learn_node\day3\lear-egg\node_modules\egg\app\extend\context.js:22:66)
    at Object.get [egg-security#CSRF_SECRET] (C:\珠峰培训\21框架2期\iframe-2021-02\learn_node\day3\lear-egg\node_modules\egg-security\app\extend\context.js:91:35)
    at Object.ensureCsrfSecret (C:\珠峰培训\21框架2期\iframe-2021-02\learn_node\day3\lear-egg\node_modules\egg-security\app\extend\context.js:104:13)
    at csrf (C:\珠峰培训\21框架2期\iframe-2021-02\learn_node\day3\lear-egg\node_modules\egg-security\lib\middlewares\csrf.js:15:11)
    at dispatch (C:\珠峰培训\21框架2期\iframe-2021-02\learn_node\day3\lear-egg\node_modules\koa-compose\index.js:42:32)
    at C:\珠峰培训\21框架2期\iframe-2021-02\learn_node\day3\lear-egg\node_modules\koa-compose\index.js:34:12
    at dispatch (C:\珠峰培训\21框架2期\iframe-2021-02\learn_node\day3\lear-egg\node_modules\koa-compose\index.js:42:32)
    at session (C:\珠峰培训\21框架2期\iframe-2021-02\learn_node\day3\lear-egg\node_modules\koa-session\index.js:41:13)
    at dispatch (C:\珠峰培训\21框架2期\iframe-2021-02\learn_node\day3\lear-egg\node_modules\koa-compose\index.js:42:32)

pid: 10136
hostname: LAPTOP-R75SC3BB

2021-06-10 20:29:08,158 ERROR 13840 nodejs.unhandledExceptionError: read ECONNRESET
    at TCP.onStreamRead (internal/stream_base_commons.js:201:27)
errno: "ECONNRESET"
code: "ECONNRESET"
syscall: "read"
name: "unhandledExceptionError"
pid: 13840
hostname: LAPTOP-R75SC3BB

