2021-06-08 22:05:15,564 INFO 10136 [egg-schedule]: register schedule C:\珠峰培训\21框架2期\iframe-2021-02\learn_node\day3\lear-egg\node_modules\egg-multipart\app\schedule\clean_tmpdir.js
2021-06-08 22:05:15,564 INFO 10136 [egg-schedule]: register schedule C:\珠峰培训\21框架2期\iframe-2021-02\learn_node\day3\lear-egg\node_modules\egg-logrotator\app\schedule\clean_log.js
2021-06-08 22:05:15,564 INFO 10136 [egg-schedule]: register schedule C:\珠峰培训\21框架2期\iframe-2021-02\learn_node\day3\lear-egg\node_modules\egg-logrotator\app\schedule\rotate_by_file.js
2021-06-08 22:05:16,484 INFO 12924 [Timer] C:\珠峰培训\21框架2期\iframe-2021-02\learn_node\day3\lear-egg\node_modules\egg-multipart\app\schedule\clean_tmpdir.js next time will execute after 23083524ms at 2021-06-09 04:30:00.008
2021-06-08 22:05:16,485 INFO 12924 [Timer] C:\珠峰培训\21框架2期\iframe-2021-02\learn_node\day3\lear-egg\node_modules\egg-logrotator\app\schedule\clean_log.js next time will execute after 6883516ms at 2021-06-09 00:00:00.001
2021-06-08 22:05:16,488 INFO 12924 [Timer] C:\珠峰培训\21框架2期\iframe-2021-02\learn_node\day3\lear-egg\node_modules\egg-logrotator\app\schedule\rotate_by_file.js next time will execute after 6884515ms at 2021-06-09 00:00:01.002
2021-06-08 22:05:59,310 INFO 19036 [egg-schedule]: register schedule C:\珠峰培训\21框架2期\iframe-2021-02\learn_node\day3\lear-egg\node_modules\egg-multipart\app\schedule\clean_tmpdir.js
2021-06-08 22:05:59,310 INFO 19036 [egg-schedule]: register schedule C:\珠峰培训\21框架2期\iframe-2021-02\learn_node\day3\lear-egg\node_modules\egg-logrotator\app\schedule\clean_log.js
2021-06-08 22:05:59,310 INFO 19036 [egg-schedule]: register schedule C:\珠峰培训\21框架2期\iframe-2021-02\learn_node\day3\lear-egg\node_modules\egg-logrotator\app\schedule\rotate_by_file.js
2021-06-08 22:06:06,647 INFO 15124 [egg-schedule]: register schedule C:\珠峰培训\21框架2期\iframe-2021-02\learn_node\day3\lear-egg\node_modules\egg-multipart\app\schedule\clean_tmpdir.js
2021-06-08 22:06:06,648 INFO 15124 [egg-schedule]: register schedule C:\珠峰培训\21框架2期\iframe-2021-02\learn_node\day3\lear-egg\node_modules\egg-logrotator\app\schedule\clean_log.js
2021-06-08 22:06:06,648 INFO 15124 [egg-schedule]: register schedule C:\珠峰培训\21框架2期\iframe-2021-02\learn_node\day3\lear-egg\node_modules\egg-logrotator\app\schedule\rotate_by_file.js
2021-06-10 19:15:56,843 INFO 15188 [egg-schedule]: register schedule C:\珠峰培训\21框架2期\iframe-2021-02\learn_node\day3\lear-egg\node_modules\egg-multipart\app\schedule\clean_tmpdir.js
2021-06-10 19:15:56,843 INFO 15188 [egg-schedule]: register schedule C:\珠峰培训\21框架2期\iframe-2021-02\learn_node\day3\lear-egg\node_modules\egg-logrotator\app\schedule\clean_log.js
2021-06-10 19:15:56,843 INFO 15188 [egg-schedule]: register schedule C:\珠峰培训\21框架2期\iframe-2021-02\learn_node\day3\lear-egg\node_modules\egg-logrotator\app\schedule\rotate_by_file.js
2021-06-10 19:15:57,192 INFO 11200 [Timer] C:\珠峰培训\21框架2期\iframe-2021-02\learn_node\day3\lear-egg\node_modules\egg-multipart\app\schedule\clean_tmpdir.js next time will execute after 33242811ms at 2021-06-11 04:30:00.003
2021-06-10 19:15:57,193 INFO 11200 [Timer] C:\珠峰培训\21框架2期\iframe-2021-02\learn_node\day3\lear-egg\node_modules\egg-logrotator\app\schedule\clean_log.js next time will execute after 17042808ms at 2021-06-11 00:00:00.001
2021-06-10 19:15:57,193 INFO 11200 [Timer] C:\珠峰培训\21框架2期\iframe-2021-02\learn_node\day3\lear-egg\node_modules\egg-logrotator\app\schedule\rotate_by_file.js next time will execute after 17043807ms at 2021-06-11 00:00:01.000
2021-06-10 19:15:58,760 INFO 9740 [egg-schedule]: register schedule C:\珠峰培训\21框架2期\iframe-2021-02\learn_node\day3\lear-egg\node_modules\egg-multipart\app\schedule\clean_tmpdir.js
2021-06-10 19:15:58,760 INFO 9740 [egg-schedule]: register schedule C:\珠峰培训\21框架2期\iframe-2021-02\learn_node\day3\lear-egg\node_modules\egg-logrotator\app\schedule\clean_log.js
2021-06-10 19:15:58,760 INFO 9740 [egg-schedule]: register schedule C:\珠峰培训\21框架2期\iframe-2021-02\learn_node\day3\lear-egg\node_modules\egg-logrotator\app\schedule\rotate_by_file.js
2021-06-10 19:19:02,922 INFO 2380 [egg-schedule]: register schedule C:\珠峰培训\21框架2期\iframe-2021-02\learn_node\day3\lear-egg\node_modules\egg-multipart\app\schedule\clean_tmpdir.js
2021-06-10 19:19:02,922 INFO 2380 [egg-schedule]: register schedule C:\珠峰培训\21框架2期\iframe-2021-02\learn_node\day3\lear-egg\node_modules\egg-logrotator\app\schedule\clean_log.js
2021-06-10 19:19:02,922 INFO 2380 [egg-schedule]: register schedule C:\珠峰培训\21框架2期\iframe-2021-02\learn_node\day3\lear-egg\node_modules\egg-logrotator\app\schedule\rotate_by_file.js
2021-06-10 19:23:13,858 INFO 17060 [Timer] C:\珠峰培训\21框架2期\iframe-2021-02\learn_node\day3\lear-egg\node_modules\egg-multipart\app\schedule\clean_tmpdir.js next time will execute after 32806145ms at 2021-06-11 04:30:00.003
2021-06-10 19:23:13,859 INFO 17060 [Timer] C:\珠峰培训\21框架2期\iframe-2021-02\learn_node\day3\lear-egg\node_modules\egg-logrotator\app\schedule\clean_log.js next time will execute after 16606142ms at 2021-06-11 00:00:00.001
2021-06-10 19:23:13,859 INFO 17060 [Timer] C:\珠峰培训\21框架2期\iframe-2021-02\learn_node\day3\lear-egg\node_modules\egg-logrotator\app\schedule\rotate_by_file.js next time will execute after 16607141ms at 2021-06-11 00:00:01.000
2021-06-10 19:23:13,664 INFO 7388 [egg-schedule]: register schedule C:\珠峰培训\21框架2期\iframe-2021-02\learn_node\day3\lear-egg\node_modules\egg-multipart\app\schedule\clean_tmpdir.js
2021-06-10 19:23:13,664 INFO 7388 [egg-schedule]: register schedule C:\珠峰培训\21框架2期\iframe-2021-02\learn_node\day3\lear-egg\node_modules\egg-logrotator\app\schedule\clean_log.js
2021-06-10 19:23:13,664 INFO 7388 [egg-schedule]: register schedule C:\珠峰培训\21框架2期\iframe-2021-02\learn_node\day3\lear-egg\node_modules\egg-logrotator\app\schedule\rotate_by_file.js
2021-06-10 19:24:15,253 INFO 17956 [egg-schedule]: register schedule C:\珠峰培训\21框架2期\iframe-2021-02\learn_node\day3\lear-egg\node_modules\egg-multipart\app\schedule\clean_tmpdir.js
2021-06-10 19:24:15,253 INFO 17956 [egg-schedule]: register schedule C:\珠峰培训\21框架2期\iframe-2021-02\learn_node\day3\lear-egg\node_modules\egg-logrotator\app\schedule\clean_log.js
2021-06-10 19:24:15,253 INFO 17956 [egg-schedule]: register schedule C:\珠峰培训\21框架2期\iframe-2021-02\learn_node\day3\lear-egg\node_modules\egg-logrotator\app\schedule\rotate_by_file.js
2021-06-10 19:24:33,100 INFO 17820 [egg-schedule]: register schedule C:\珠峰培训\21框架2期\iframe-2021-02\learn_node\day3\lear-egg\node_modules\egg-multipart\app\schedule\clean_tmpdir.js
2021-06-10 19:24:33,100 INFO 17820 [egg-schedule]: register schedule C:\珠峰培训\21框架2期\iframe-2021-02\learn_node\day3\lear-egg\node_modules\egg-logrotator\app\schedule\clean_log.js
2021-06-10 19:24:33,100 INFO 17820 [egg-schedule]: register schedule C:\珠峰培训\21框架2期\iframe-2021-02\learn_node\day3\lear-egg\node_modules\egg-logrotator\app\schedule\rotate_by_file.js
2021-06-10 19:24:58,520 INFO 15392 [egg-schedule]: register schedule C:\珠峰培训\21框架2期\iframe-2021-02\learn_node\day3\lear-egg\node_modules\egg-multipart\app\schedule\clean_tmpdir.js
2021-06-10 19:24:58,520 INFO 15392 [egg-schedule]: register schedule C:\珠峰培训\21框架2期\iframe-2021-02\learn_node\day3\lear-egg\node_modules\egg-logrotator\app\schedule\clean_log.js
2021-06-10 19:24:58,520 INFO 15392 [egg-schedule]: register schedule C:\珠峰培训\21框架2期\iframe-2021-02\learn_node\day3\lear-egg\node_modules\egg-logrotator\app\schedule\rotate_by_file.js
2021-06-10 19:26:22,997 INFO 7164 [egg-schedule]: register schedule C:\珠峰培训\21框架2期\iframe-2021-02\learn_node\day3\lear-egg\node_modules\egg-multipart\app\schedule\clean_tmpdir.js
2021-06-10 19:26:22,997 INFO 7164 [egg-schedule]: register schedule C:\珠峰培训\21框架2期\iframe-2021-02\learn_node\day3\lear-egg\node_modules\egg-logrotator\app\schedule\clean_log.js
2021-06-10 19:26:22,997 INFO 7164 [egg-schedule]: register schedule C:\珠峰培训\21框架2期\iframe-2021-02\learn_node\day3\lear-egg\node_modules\egg-logrotator\app\schedule\rotate_by_file.js
2021-06-10 19:27:00,427 INFO 9488 [egg-schedule]: register schedule C:\珠峰培训\21框架2期\iframe-2021-02\learn_node\day3\lear-egg\node_modules\egg-multipart\app\schedule\clean_tmpdir.js
2021-06-10 19:27:00,427 INFO 9488 [egg-schedule]: register schedule C:\珠峰培训\21框架2期\iframe-2021-02\learn_node\day3\lear-egg\node_modules\egg-logrotator\app\schedule\clean_log.js
2021-06-10 19:27:00,427 INFO 9488 [egg-schedule]: register schedule C:\珠峰培训\21框架2期\iframe-2021-02\learn_node\day3\lear-egg\node_modules\egg-logrotator\app\schedule\rotate_by_file.js
2021-06-10 19:28:48,344 INFO 1412 [egg-schedule]: register schedule C:\珠峰培训\21框架2期\iframe-2021-02\learn_node\day3\lear-egg\node_modules\egg-multipart\app\schedule\clean_tmpdir.js
2021-06-10 19:28:48,345 INFO 1412 [egg-schedule]: register schedule C:\珠峰培训\21框架2期\iframe-2021-02\learn_node\day3\lear-egg\node_modules\egg-logrotator\app\schedule\clean_log.js
2021-06-10 19:28:48,345 INFO 1412 [egg-schedule]: register schedule C:\珠峰培训\21框架2期\iframe-2021-02\learn_node\day3\lear-egg\node_modules\egg-logrotator\app\schedule\rotate_by_file.js
2021-06-10 19:29:01,970 INFO 5200 [Timer] C:\珠峰培训\21框架2期\iframe-2021-02\learn_node\day3\lear-egg\node_modules\egg-multipart\app\schedule\clean_tmpdir.js next time will execute after 32458033ms at 2021-06-11 04:30:00.003
2021-06-10 19:29:01,970 INFO 5200 [Timer] C:\珠峰培训\21框架2期\iframe-2021-02\learn_node\day3\lear-egg\node_modules\egg-logrotator\app\schedule\clean_log.js next time will execute after 16258030ms at 2021-06-11 00:00:00.000
2021-06-10 19:29:01,971 INFO 5200 [Timer] C:\珠峰培训\21框架2期\iframe-2021-02\learn_node\day3\lear-egg\node_modules\egg-logrotator\app\schedule\rotate_by_file.js next time will execute after 16259030ms at 2021-06-11 00:00:01.001
2021-06-10 19:29:01,758 INFO 12628 [egg-schedule]: register schedule C:\珠峰培训\21框架2期\iframe-2021-02\learn_node\day3\lear-egg\node_modules\egg-multipart\app\schedule\clean_tmpdir.js
2021-06-10 19:29:01,758 INFO 12628 [egg-schedule]: register schedule C:\珠峰培训\21框架2期\iframe-2021-02\learn_node\day3\lear-egg\node_modules\egg-logrotator\app\schedule\clean_log.js
2021-06-10 19:29:01,758 INFO 12628 [egg-schedule]: register schedule C:\珠峰培训\21框架2期\iframe-2021-02\learn_node\day3\lear-egg\node_modules\egg-logrotator\app\schedule\rotate_by_file.js
2021-06-10 19:31:01,412 INFO 17880 [egg-schedule]: register schedule C:\珠峰培训\21框架2期\iframe-2021-02\learn_node\day3\lear-egg\node_modules\egg-multipart\app\schedule\clean_tmpdir.js
2021-06-10 19:31:01,412 INFO 17880 [egg-schedule]: register schedule C:\珠峰培训\21框架2期\iframe-2021-02\learn_node\day3\lear-egg\node_modules\egg-logrotator\app\schedule\clean_log.js
2021-06-10 19:31:01,412 INFO 17880 [egg-schedule]: register schedule C:\珠峰培训\21框架2期\iframe-2021-02\learn_node\day3\lear-egg\node_modules\egg-logrotator\app\schedule\rotate_by_file.js
2021-06-10 19:31:52,543 INFO 17244 [egg-schedule]: register schedule C:\珠峰培训\21框架2期\iframe-2021-02\learn_node\day3\lear-egg\node_modules\egg-multipart\app\schedule\clean_tmpdir.js
2021-06-10 19:31:52,544 INFO 17244 [egg-schedule]: register schedule C:\珠峰培训\21框架2期\iframe-2021-02\learn_node\day3\lear-egg\node_modules\egg-logrotator\app\schedule\clean_log.js
2021-06-10 19:31:52,544 INFO 17244 [egg-schedule]: register schedule C:\珠峰培训\21框架2期\iframe-2021-02\learn_node\day3\lear-egg\node_modules\egg-logrotator\app\schedule\rotate_by_file.js
2021-06-10 19:33:14,026 INFO 14268 [egg-schedule]: register schedule C:\珠峰培训\21框架2期\iframe-2021-02\learn_node\day3\lear-egg\node_modules\egg-multipart\app\schedule\clean_tmpdir.js
2021-06-10 19:33:14,026 INFO 14268 [egg-schedule]: register schedule C:\珠峰培训\21框架2期\iframe-2021-02\learn_node\day3\lear-egg\node_modules\egg-logrotator\app\schedule\clean_log.js
2021-06-10 19:33:14,026 INFO 14268 [egg-schedule]: register schedule C:\珠峰培训\21框架2期\iframe-2021-02\learn_node\day3\lear-egg\node_modules\egg-logrotator\app\schedule\rotate_by_file.js
2021-06-10 19:33:48,769 INFO 9072 [egg-schedule]: register schedule C:\珠峰培训\21框架2期\iframe-2021-02\learn_node\day3\lear-egg\node_modules\egg-multipart\app\schedule\clean_tmpdir.js
2021-06-10 19:33:48,769 INFO 9072 [egg-schedule]: register schedule C:\珠峰培训\21框架2期\iframe-2021-02\learn_node\day3\lear-egg\node_modules\egg-logrotator\app\schedule\clean_log.js
2021-06-10 19:33:48,769 INFO 9072 [egg-schedule]: register schedule C:\珠峰培训\21框架2期\iframe-2021-02\learn_node\day3\lear-egg\node_modules\egg-logrotator\app\schedule\rotate_by_file.js
2021-06-10 19:35:40,818 INFO 17324 [egg-schedule]: register schedule C:\珠峰培训\21框架2期\iframe-2021-02\learn_node\day3\lear-egg\node_modules\egg-multipart\app\schedule\clean_tmpdir.js
2021-06-10 19:35:40,818 INFO 17324 [egg-schedule]: register schedule C:\珠峰培训\21框架2期\iframe-2021-02\learn_node\day3\lear-egg\node_modules\egg-logrotator\app\schedule\clean_log.js
2021-06-10 19:35:40,818 INFO 17324 [egg-schedule]: register schedule C:\珠峰培训\21框架2期\iframe-2021-02\learn_node\day3\lear-egg\node_modules\egg-logrotator\app\schedule\rotate_by_file.js
2021-06-10 19:37:39,072 INFO 14348 [egg-schedule]: register schedule C:\珠峰培训\21框架2期\iframe-2021-02\learn_node\day3\lear-egg\node_modules\egg-multipart\app\schedule\clean_tmpdir.js
2021-06-10 19:37:39,072 INFO 14348 [egg-schedule]: register schedule C:\珠峰培训\21框架2期\iframe-2021-02\learn_node\day3\lear-egg\node_modules\egg-logrotator\app\schedule\clean_log.js
2021-06-10 19:37:39,072 INFO 14348 [egg-schedule]: register schedule C:\珠峰培训\21框架2期\iframe-2021-02\learn_node\day3\lear-egg\node_modules\egg-logrotator\app\schedule\rotate_by_file.js
2021-06-10 19:37:41,383 INFO 4992 [egg-schedule]: register schedule C:\珠峰培训\21框架2期\iframe-2021-02\learn_node\day3\lear-egg\node_modules\egg-multipart\app\schedule\clean_tmpdir.js
2021-06-10 19:37:41,383 INFO 4992 [egg-schedule]: register schedule C:\珠峰培训\21框架2期\iframe-2021-02\learn_node\day3\lear-egg\node_modules\egg-logrotator\app\schedule\clean_log.js
2021-06-10 19:37:41,383 INFO 4992 [egg-schedule]: register schedule C:\珠峰培训\21框架2期\iframe-2021-02\learn_node\day3\lear-egg\node_modules\egg-logrotator\app\schedule\rotate_by_file.js
2021-06-10 19:38:18,520 INFO 17080 [egg-schedule]: register schedule C:\珠峰培训\21框架2期\iframe-2021-02\learn_node\day3\lear-egg\node_modules\egg-multipart\app\schedule\clean_tmpdir.js
2021-06-10 19:38:18,520 INFO 17080 [egg-schedule]: register schedule C:\珠峰培训\21框架2期\iframe-2021-02\learn_node\day3\lear-egg\node_modules\egg-logrotator\app\schedule\clean_log.js
2021-06-10 19:38:18,520 INFO 17080 [egg-schedule]: register schedule C:\珠峰培训\21框架2期\iframe-2021-02\learn_node\day3\lear-egg\node_modules\egg-logrotator\app\schedule\rotate_by_file.js
2021-06-10 19:39:02,830 INFO 17384 [egg-schedule]: register schedule C:\珠峰培训\21框架2期\iframe-2021-02\learn_node\day3\lear-egg\node_modules\egg-multipart\app\schedule\clean_tmpdir.js
2021-06-10 19:39:02,830 INFO 17384 [egg-schedule]: register schedule C:\珠峰培训\21框架2期\iframe-2021-02\learn_node\day3\lear-egg\node_modules\egg-logrotator\app\schedule\clean_log.js
2021-06-10 19:39:02,830 INFO 17384 [egg-schedule]: register schedule C:\珠峰培训\21框架2期\iframe-2021-02\learn_node\day3\lear-egg\node_modules\egg-logrotator\app\schedule\rotate_by_file.js
2021-06-10 19:39:24,232 INFO 14268 [egg-schedule]: register schedule C:\珠峰培训\21框架2期\iframe-2021-02\learn_node\day3\lear-egg\node_modules\egg-multipart\app\schedule\clean_tmpdir.js
2021-06-10 19:39:24,232 INFO 14268 [egg-schedule]: register schedule C:\珠峰培训\21框架2期\iframe-2021-02\learn_node\day3\lear-egg\node_modules\egg-logrotator\app\schedule\clean_log.js
2021-06-10 19:39:24,232 INFO 14268 [egg-schedule]: register schedule C:\珠峰培训\21框架2期\iframe-2021-02\learn_node\day3\lear-egg\node_modules\egg-logrotator\app\schedule\rotate_by_file.js
2021-06-10 20:15:09,302 INFO 19520 [egg-schedule]: register schedule C:\珠峰培训\21框架2期\iframe-2021-02\learn_node\day3\lear-egg\node_modules\egg-multipart\app\schedule\clean_tmpdir.js
2021-06-10 20:15:09,302 INFO 19520 [egg-schedule]: register schedule C:\珠峰培训\21框架2期\iframe-2021-02\learn_node\day3\lear-egg\node_modules\egg-logrotator\app\schedule\clean_log.js
2021-06-10 20:15:09,302 INFO 19520 [egg-schedule]: register schedule C:\珠峰培训\21框架2期\iframe-2021-02\learn_node\day3\lear-egg\node_modules\egg-logrotator\app\schedule\rotate_by_file.js
2021-06-10 20:15:10,265 INFO 13840 [Timer] C:\珠峰培训\21框架2期\iframe-2021-02\learn_node\day3\lear-egg\node_modules\egg-multipart\app\schedule\clean_tmpdir.js next time will execute after 29689743ms at 2021-06-11 04:30:00.008
2021-06-10 20:15:10,267 INFO 13840 [Timer] C:\珠峰培训\21框架2期\iframe-2021-02\learn_node\day3\lear-egg\node_modules\egg-logrotator\app\schedule\clean_log.js next time will execute after 13489734ms at 2021-06-11 00:00:00.001
2021-06-10 20:15:10,267 INFO 13840 [Timer] C:\珠峰培训\21框架2期\iframe-2021-02\learn_node\day3\lear-egg\node_modules\egg-logrotator\app\schedule\rotate_by_file.js next time will execute after 13490733ms at 2021-06-11 00:00:01.000
2021-06-10 20:15:37,866 INFO 11136 [egg-schedule]: register schedule C:\珠峰培训\21框架2期\iframe-2021-02\learn_node\day3\lear-egg\node_modules\egg-multipart\app\schedule\clean_tmpdir.js
2021-06-10 20:15:37,866 INFO 11136 [egg-schedule]: register schedule C:\珠峰培训\21框架2期\iframe-2021-02\learn_node\day3\lear-egg\node_modules\egg-logrotator\app\schedule\clean_log.js
2021-06-10 20:15:37,866 INFO 11136 [egg-schedule]: register schedule C:\珠峰培训\21框架2期\iframe-2021-02\learn_node\day3\lear-egg\node_modules\egg-logrotator\app\schedule\rotate_by_file.js
2021-06-10 20:15:46,760 INFO 21032 [egg-schedule]: register schedule C:\珠峰培训\21框架2期\iframe-2021-02\learn_node\day3\lear-egg\node_modules\egg-multipart\app\schedule\clean_tmpdir.js
2021-06-10 20:15:46,760 INFO 21032 [egg-schedule]: register schedule C:\珠峰培训\21框架2期\iframe-2021-02\learn_node\day3\lear-egg\node_modules\egg-logrotator\app\schedule\clean_log.js
2021-06-10 20:15:46,760 INFO 21032 [egg-schedule]: register schedule C:\珠峰培训\21框架2期\iframe-2021-02\learn_node\day3\lear-egg\node_modules\egg-logrotator\app\schedule\rotate_by_file.js
2021-06-10 20:19:37,232 INFO 16156 [egg-schedule]: register schedule C:\珠峰培训\21框架2期\iframe-2021-02\learn_node\day3\lear-egg\node_modules\egg-multipart\app\schedule\clean_tmpdir.js
2021-06-10 20:19:37,232 INFO 16156 [egg-schedule]: register schedule C:\珠峰培训\21框架2期\iframe-2021-02\learn_node\day3\lear-egg\node_modules\egg-logrotator\app\schedule\clean_log.js
2021-06-10 20:19:37,233 INFO 16156 [egg-schedule]: register schedule C:\珠峰培训\21框架2期\iframe-2021-02\learn_node\day3\lear-egg\node_modules\egg-logrotator\app\schedule\rotate_by_file.js
2021-06-10 20:19:44,559 INFO 17004 [egg-schedule]: register schedule C:\珠峰培训\21框架2期\iframe-2021-02\learn_node\day3\lear-egg\node_modules\egg-multipart\app\schedule\clean_tmpdir.js
2021-06-10 20:19:44,559 INFO 17004 [egg-schedule]: register schedule C:\珠峰培训\21框架2期\iframe-2021-02\learn_node\day3\lear-egg\node_modules\egg-logrotator\app\schedule\clean_log.js
2021-06-10 20:19:44,559 INFO 17004 [egg-schedule]: register schedule C:\珠峰培训\21框架2期\iframe-2021-02\learn_node\day3\lear-egg\node_modules\egg-logrotator\app\schedule\rotate_by_file.js
2021-06-10 20:20:22,059 INFO 19672 [egg-schedule]: register schedule C:\珠峰培训\21框架2期\iframe-2021-02\learn_node\day3\lear-egg\node_modules\egg-multipart\app\schedule\clean_tmpdir.js
2021-06-10 20:20:22,059 INFO 19672 [egg-schedule]: register schedule C:\珠峰培训\21框架2期\iframe-2021-02\learn_node\day3\lear-egg\node_modules\egg-logrotator\app\schedule\clean_log.js
2021-06-10 20:20:22,059 INFO 19672 [egg-schedule]: register schedule C:\珠峰培训\21框架2期\iframe-2021-02\learn_node\day3\lear-egg\node_modules\egg-logrotator\app\schedule\rotate_by_file.js
2021-06-10 20:21:51,714 INFO 19116 [egg-schedule]: register schedule C:\珠峰培训\21框架2期\iframe-2021-02\learn_node\day3\lear-egg\node_modules\egg-multipart\app\schedule\clean_tmpdir.js
2021-06-10 20:21:51,714 INFO 19116 [egg-schedule]: register schedule C:\珠峰培训\21框架2期\iframe-2021-02\learn_node\day3\lear-egg\node_modules\egg-logrotator\app\schedule\clean_log.js
2021-06-10 20:21:51,714 INFO 19116 [egg-schedule]: register schedule C:\珠峰培训\21框架2期\iframe-2021-02\learn_node\day3\lear-egg\node_modules\egg-logrotator\app\schedule\rotate_by_file.js
2021-06-10 20:22:43,327 INFO 14584 [egg-schedule]: register schedule C:\珠峰培训\21框架2期\iframe-2021-02\learn_node\day3\lear-egg\node_modules\egg-multipart\app\schedule\clean_tmpdir.js
2021-06-10 20:22:43,327 INFO 14584 [egg-schedule]: register schedule C:\珠峰培训\21框架2期\iframe-2021-02\learn_node\day3\lear-egg\node_modules\egg-logrotator\app\schedule\clean_log.js
2021-06-10 20:22:43,328 INFO 14584 [egg-schedule]: register schedule C:\珠峰培训\21框架2期\iframe-2021-02\learn_node\day3\lear-egg\node_modules\egg-logrotator\app\schedule\rotate_by_file.js
2021-06-10 20:23:14,005 INFO 19332 [egg-schedule]: register schedule C:\珠峰培训\21框架2期\iframe-2021-02\learn_node\day3\lear-egg\node_modules\egg-multipart\app\schedule\clean_tmpdir.js
2021-06-10 20:23:14,005 INFO 19332 [egg-schedule]: register schedule C:\珠峰培训\21框架2期\iframe-2021-02\learn_node\day3\lear-egg\node_modules\egg-logrotator\app\schedule\clean_log.js
2021-06-10 20:23:14,005 INFO 19332 [egg-schedule]: register schedule C:\珠峰培训\21框架2期\iframe-2021-02\learn_node\day3\lear-egg\node_modules\egg-logrotator\app\schedule\rotate_by_file.js
2021-06-10 20:23:23,976 INFO 2712 [egg-schedule]: register schedule C:\珠峰培训\21框架2期\iframe-2021-02\learn_node\day3\lear-egg\node_modules\egg-multipart\app\schedule\clean_tmpdir.js
2021-06-10 20:23:23,976 INFO 2712 [egg-schedule]: register schedule C:\珠峰培训\21框架2期\iframe-2021-02\learn_node\day3\lear-egg\node_modules\egg-logrotator\app\schedule\clean_log.js
2021-06-10 20:23:23,976 INFO 2712 [egg-schedule]: register schedule C:\珠峰培训\21框架2期\iframe-2021-02\learn_node\day3\lear-egg\node_modules\egg-logrotator\app\schedule\rotate_by_file.js
2021-06-10 20:24:12,514 INFO 18824 [egg-schedule]: register schedule C:\珠峰培训\21框架2期\iframe-2021-02\learn_node\day3\lear-egg\node_modules\egg-multipart\app\schedule\clean_tmpdir.js
2021-06-10 20:24:12,514 INFO 18824 [egg-schedule]: register schedule C:\珠峰培训\21框架2期\iframe-2021-02\learn_node\day3\lear-egg\node_modules\egg-logrotator\app\schedule\clean_log.js
2021-06-10 20:24:12,514 INFO 18824 [egg-schedule]: register schedule C:\珠峰培训\21框架2期\iframe-2021-02\learn_node\day3\lear-egg\node_modules\egg-logrotator\app\schedule\rotate_by_file.js
2021-06-10 20:24:19,127 INFO 20900 [egg-schedule]: register schedule C:\珠峰培训\21框架2期\iframe-2021-02\learn_node\day3\lear-egg\node_modules\egg-multipart\app\schedule\clean_tmpdir.js
2021-06-10 20:24:19,127 INFO 20900 [egg-schedule]: register schedule C:\珠峰培训\21框架2期\iframe-2021-02\learn_node\day3\lear-egg\node_modules\egg-logrotator\app\schedule\clean_log.js
2021-06-10 20:24:19,127 INFO 20900 [egg-schedule]: register schedule C:\珠峰培训\21框架2期\iframe-2021-02\learn_node\day3\lear-egg\node_modules\egg-logrotator\app\schedule\rotate_by_file.js
2021-06-10 20:24:40,842 INFO 3928 [egg-schedule]: register schedule C:\珠峰培训\21框架2期\iframe-2021-02\learn_node\day3\lear-egg\node_modules\egg-multipart\app\schedule\clean_tmpdir.js
2021-06-10 20:24:40,842 INFO 3928 [egg-schedule]: register schedule C:\珠峰培训\21框架2期\iframe-2021-02\learn_node\day3\lear-egg\node_modules\egg-logrotator\app\schedule\clean_log.js
2021-06-10 20:24:40,842 INFO 3928 [egg-schedule]: register schedule C:\珠峰培训\21框架2期\iframe-2021-02\learn_node\day3\lear-egg\node_modules\egg-logrotator\app\schedule\rotate_by_file.js
2021-06-10 20:24:47,918 INFO 4412 [egg-schedule]: register schedule C:\珠峰培训\21框架2期\iframe-2021-02\learn_node\day3\lear-egg\node_modules\egg-multipart\app\schedule\clean_tmpdir.js
2021-06-10 20:24:47,919 INFO 4412 [egg-schedule]: register schedule C:\珠峰培训\21框架2期\iframe-2021-02\learn_node\day3\lear-egg\node_modules\egg-logrotator\app\schedule\clean_log.js
2021-06-10 20:24:47,919 INFO 4412 [egg-schedule]: register schedule C:\珠峰培训\21框架2期\iframe-2021-02\learn_node\day3\lear-egg\node_modules\egg-logrotator\app\schedule\rotate_by_file.js
2021-06-10 20:27:02,561 INFO 5536 [egg-schedule]: register schedule C:\珠峰培训\21框架2期\iframe-2021-02\learn_node\day3\lear-egg\node_modules\egg-multipart\app\schedule\clean_tmpdir.js
2021-06-10 20:27:02,562 INFO 5536 [egg-schedule]: register schedule C:\珠峰培训\21框架2期\iframe-2021-02\learn_node\day3\lear-egg\node_modules\egg-logrotator\app\schedule\clean_log.js
2021-06-10 20:27:02,562 INFO 5536 [egg-schedule]: register schedule C:\珠峰培训\21框架2期\iframe-2021-02\learn_node\day3\lear-egg\node_modules\egg-logrotator\app\schedule\rotate_by_file.js
2021-06-10 20:27:09,651 INFO 6652 [egg-schedule]: register schedule C:\珠峰培训\21框架2期\iframe-2021-02\learn_node\day3\lear-egg\node_modules\egg-multipart\app\schedule\clean_tmpdir.js
2021-06-10 20:27:09,651 INFO 6652 [egg-schedule]: register schedule C:\珠峰培训\21框架2期\iframe-2021-02\learn_node\day3\lear-egg\node_modules\egg-logrotator\app\schedule\clean_log.js
2021-06-10 20:27:09,651 INFO 6652 [egg-schedule]: register schedule C:\珠峰培训\21框架2期\iframe-2021-02\learn_node\day3\lear-egg\node_modules\egg-logrotator\app\schedule\rotate_by_file.js
2021-06-10 20:27:16,941 INFO 21376 [egg-schedule]: register schedule C:\珠峰培训\21框架2期\iframe-2021-02\learn_node\day3\lear-egg\node_modules\egg-multipart\app\schedule\clean_tmpdir.js
2021-06-10 20:27:16,941 INFO 21376 [egg-schedule]: register schedule C:\珠峰培训\21框架2期\iframe-2021-02\learn_node\day3\lear-egg\node_modules\egg-logrotator\app\schedule\clean_log.js
2021-06-10 20:27:16,941 INFO 21376 [egg-schedule]: register schedule C:\珠峰培训\21框架2期\iframe-2021-02\learn_node\day3\lear-egg\node_modules\egg-logrotator\app\schedule\rotate_by_file.js
2021-06-10 20:27:46,530 INFO 19464 [egg-schedule]: register schedule C:\珠峰培训\21框架2期\iframe-2021-02\learn_node\day3\lear-egg\node_modules\egg-multipart\app\schedule\clean_tmpdir.js
2021-06-10 20:27:46,530 INFO 19464 [egg-schedule]: register schedule C:\珠峰培训\21框架2期\iframe-2021-02\learn_node\day3\lear-egg\node_modules\egg-logrotator\app\schedule\clean_log.js
2021-06-10 20:27:46,530 INFO 19464 [egg-schedule]: register schedule C:\珠峰培训\21框架2期\iframe-2021-02\learn_node\day3\lear-egg\node_modules\egg-logrotator\app\schedule\rotate_by_file.js
2021-06-10 20:27:51,948 INFO 19348 [egg-schedule]: register schedule C:\珠峰培训\21框架2期\iframe-2021-02\learn_node\day3\lear-egg\node_modules\egg-multipart\app\schedule\clean_tmpdir.js
2021-06-10 20:27:51,948 INFO 19348 [egg-schedule]: register schedule C:\珠峰培训\21框架2期\iframe-2021-02\learn_node\day3\lear-egg\node_modules\egg-logrotator\app\schedule\clean_log.js
2021-06-10 20:27:51,948 INFO 19348 [egg-schedule]: register schedule C:\珠峰培训\21框架2期\iframe-2021-02\learn_node\day3\lear-egg\node_modules\egg-logrotator\app\schedule\rotate_by_file.js
2021-06-10 20:28:56,543 INFO 16628 [egg-schedule]: register schedule C:\珠峰培训\21框架2期\iframe-2021-02\learn_node\day3\lear-egg\node_modules\egg-multipart\app\schedule\clean_tmpdir.js
2021-06-10 20:28:56,543 INFO 16628 [egg-schedule]: register schedule C:\珠峰培训\21框架2期\iframe-2021-02\learn_node\day3\lear-egg\node_modules\egg-logrotator\app\schedule\clean_log.js
2021-06-10 20:28:56,543 INFO 16628 [egg-schedule]: register schedule C:\珠峰培训\21框架2期\iframe-2021-02\learn_node\day3\lear-egg\node_modules\egg-logrotator\app\schedule\rotate_by_file.js
2021-06-10 20:29:07,633 INFO 12752 [egg-schedule]: register schedule C:\珠峰培训\21框架2期\iframe-2021-02\learn_node\day3\lear-egg\node_modules\egg-multipart\app\schedule\clean_tmpdir.js
2021-06-10 20:29:07,633 INFO 12752 [egg-schedule]: register schedule C:\珠峰培训\21框架2期\iframe-2021-02\learn_node\day3\lear-egg\node_modules\egg-logrotator\app\schedule\clean_log.js
2021-06-10 20:29:07,633 INFO 12752 [egg-schedule]: register schedule C:\珠峰培训\21框架2期\iframe-2021-02\learn_node\day3\lear-egg\node_modules\egg-logrotator\app\schedule\rotate_by_file.js
2021-06-10 20:29:15,774 INFO 14388 [egg-schedule]: register schedule C:\珠峰培训\21框架2期\iframe-2021-02\learn_node\day3\lear-egg\node_modules\egg-multipart\app\schedule\clean_tmpdir.js
2021-06-10 20:29:15,774 INFO 14388 [egg-schedule]: register schedule C:\珠峰培训\21框架2期\iframe-2021-02\learn_node\day3\lear-egg\node_modules\egg-logrotator\app\schedule\clean_log.js
2021-06-10 20:29:15,774 INFO 14388 [egg-schedule]: register schedule C:\珠峰培训\21框架2期\iframe-2021-02\learn_node\day3\lear-egg\node_modules\egg-logrotator\app\schedule\rotate_by_file.js
2021-06-10 20:30:56,311 INFO 20312 [egg-schedule]: register schedule C:\珠峰培训\21框架2期\iframe-2021-02\learn_node\day3\lear-egg\node_modules\egg-multipart\app\schedule\clean_tmpdir.js
2021-06-10 20:30:56,311 INFO 20312 [egg-schedule]: register schedule C:\珠峰培训\21框架2期\iframe-2021-02\learn_node\day3\lear-egg\node_modules\egg-logrotator\app\schedule\clean_log.js
2021-06-10 20:30:56,311 INFO 20312 [egg-schedule]: register schedule C:\珠峰培训\21框架2期\iframe-2021-02\learn_node\day3\lear-egg\node_modules\egg-logrotator\app\schedule\rotate_by_file.js
2021-06-10 20:31:30,278 INFO 19520 [egg-schedule]: register schedule C:\珠峰培训\21框架2期\iframe-2021-02\learn_node\day3\lear-egg\node_modules\egg-multipart\app\schedule\clean_tmpdir.js
2021-06-10 20:31:30,278 INFO 19520 [egg-schedule]: register schedule C:\珠峰培训\21框架2期\iframe-2021-02\learn_node\day3\lear-egg\node_modules\egg-logrotator\app\schedule\clean_log.js
2021-06-10 20:31:30,278 INFO 19520 [egg-schedule]: register schedule C:\珠峰培训\21框架2期\iframe-2021-02\learn_node\day3\lear-egg\node_modules\egg-logrotator\app\schedule\rotate_by_file.js
2021-06-10 20:36:21,409 INFO 3076 [egg-schedule]: register schedule C:\珠峰培训\21框架2期\iframe-2021-02\learn_node\day3\lear-egg\node_modules\egg-multipart\app\schedule\clean_tmpdir.js
2021-06-10 20:36:21,409 INFO 3076 [egg-schedule]: register schedule C:\珠峰培训\21框架2期\iframe-2021-02\learn_node\day3\lear-egg\node_modules\egg-logrotator\app\schedule\clean_log.js
2021-06-10 20:36:21,409 INFO 3076 [egg-schedule]: register schedule C:\珠峰培训\21框架2期\iframe-2021-02\learn_node\day3\lear-egg\node_modules\egg-logrotator\app\schedule\rotate_by_file.js
2021-06-10 20:36:37,035 INFO 9640 [egg-schedule]: register schedule C:\珠峰培训\21框架2期\iframe-2021-02\learn_node\day3\lear-egg\node_modules\egg-multipart\app\schedule\clean_tmpdir.js
2021-06-10 20:36:37,036 INFO 9640 [egg-schedule]: register schedule C:\珠峰培训\21框架2期\iframe-2021-02\learn_node\day3\lear-egg\node_modules\egg-logrotator\app\schedule\clean_log.js
2021-06-10 20:36:37,036 INFO 9640 [egg-schedule]: register schedule C:\珠峰培训\21框架2期\iframe-2021-02\learn_node\day3\lear-egg\node_modules\egg-logrotator\app\schedule\rotate_by_file.js
2021-06-10 20:40:36,369 INFO 13800 [egg-schedule]: register schedule C:\珠峰培训\21框架2期\iframe-2021-02\learn_node\day3\lear-egg\node_modules\egg-multipart\app\schedule\clean_tmpdir.js
2021-06-10 20:40:36,369 INFO 13800 [egg-schedule]: register schedule C:\珠峰培训\21框架2期\iframe-2021-02\learn_node\day3\lear-egg\node_modules\egg-logrotator\app\schedule\clean_log.js
2021-06-10 20:40:36,369 INFO 13800 [egg-schedule]: register schedule C:\珠峰培训\21框架2期\iframe-2021-02\learn_node\day3\lear-egg\node_modules\egg-logrotator\app\schedule\rotate_by_file.js
2021-06-10 20:40:38,000 INFO 12636 [Timer] C:\珠峰培训\21框架2期\iframe-2021-02\learn_node\day3\lear-egg\node_modules\egg-multipart\app\schedule\clean_tmpdir.js next time will execute after 28162014ms at 2021-06-11 04:30:00.014
2021-06-10 20:40:38,001 INFO 12636 [Timer] C:\珠峰培训\21框架2期\iframe-2021-02\learn_node\day3\lear-egg\node_modules\egg-logrotator\app\schedule\clean_log.js next time will execute after 11962000ms at 2021-06-11 00:00:00.001
2021-06-10 20:40:38,002 INFO 12636 [Timer] C:\珠峰培训\21框架2期\iframe-2021-02\learn_node\day3\lear-egg\node_modules\egg-logrotator\app\schedule\rotate_by_file.js next time will execute after 11962999ms at 2021-06-11 00:00:01.001
2021-06-10 20:45:49,941 INFO 19356 [egg-schedule]: register schedule C:\珠峰培训\21框架2期\iframe-2021-02\learn_node\day3\lear-egg\node_modules\egg-multipart\app\schedule\clean_tmpdir.js
2021-06-10 20:45:49,941 INFO 19356 [egg-schedule]: register schedule C:\珠峰培训\21框架2期\iframe-2021-02\learn_node\day3\lear-egg\node_modules\egg-logrotator\app\schedule\clean_log.js
2021-06-10 20:45:49,941 INFO 19356 [egg-schedule]: register schedule C:\珠峰培训\21框架2期\iframe-2021-02\learn_node\day3\lear-egg\node_modules\egg-logrotator\app\schedule\rotate_by_file.js
2021-06-10 20:53:45,321 INFO 20640 [egg-schedule]: register schedule C:\珠峰培训\21框架2期\iframe-2021-02\learn_node\day3\lear-egg\node_modules\egg-multipart\app\schedule\clean_tmpdir.js
2021-06-10 20:53:45,322 INFO 20640 [egg-schedule]: register schedule C:\珠峰培训\21框架2期\iframe-2021-02\learn_node\day3\lear-egg\node_modules\egg-logrotator\app\schedule\clean_log.js
2021-06-10 20:53:45,322 INFO 20640 [egg-schedule]: register schedule C:\珠峰培训\21框架2期\iframe-2021-02\learn_node\day3\lear-egg\node_modules\egg-logrotator\app\schedule\rotate_by_file.js
2021-06-10 20:54:00,177 INFO 1128 [egg-schedule]: register schedule C:\珠峰培训\21框架2期\iframe-2021-02\learn_node\day3\lear-egg\node_modules\egg-multipart\app\schedule\clean_tmpdir.js
2021-06-10 20:54:00,177 INFO 1128 [egg-schedule]: register schedule C:\珠峰培训\21框架2期\iframe-2021-02\learn_node\day3\lear-egg\node_modules\egg-logrotator\app\schedule\clean_log.js
2021-06-10 20:54:00,178 INFO 1128 [egg-schedule]: register schedule C:\珠峰培训\21框架2期\iframe-2021-02\learn_node\day3\lear-egg\node_modules\egg-logrotator\app\schedule\rotate_by_file.js
2021-06-10 20:54:12,126 INFO 19708 [egg-schedule]: register schedule C:\珠峰培训\21框架2期\iframe-2021-02\learn_node\day3\lear-egg\node_modules\egg-multipart\app\schedule\clean_tmpdir.js
2021-06-10 20:54:12,126 INFO 19708 [egg-schedule]: register schedule C:\珠峰培训\21框架2期\iframe-2021-02\learn_node\day3\lear-egg\node_modules\egg-logrotator\app\schedule\clean_log.js
2021-06-10 20:54:12,126 INFO 19708 [egg-schedule]: register schedule C:\珠峰培训\21框架2期\iframe-2021-02\learn_node\day3\lear-egg\node_modules\egg-logrotator\app\schedule\rotate_by_file.js
2021-06-10 20:55:23,414 INFO 19740 [egg-schedule]: register schedule C:\珠峰培训\21框架2期\iframe-2021-02\learn_node\day3\lear-egg\node_modules\egg-multipart\app\schedule\clean_tmpdir.js
2021-06-10 20:55:23,414 INFO 19740 [egg-schedule]: register schedule C:\珠峰培训\21框架2期\iframe-2021-02\learn_node\day3\lear-egg\node_modules\egg-logrotator\app\schedule\clean_log.js
2021-06-10 20:55:23,414 INFO 19740 [egg-schedule]: register schedule C:\珠峰培训\21框架2期\iframe-2021-02\learn_node\day3\lear-egg\node_modules\egg-logrotator\app\schedule\rotate_by_file.js
2021-06-10 20:55:29,116 INFO 14608 [egg-schedule]: register schedule C:\珠峰培训\21框架2期\iframe-2021-02\learn_node\day3\lear-egg\node_modules\egg-multipart\app\schedule\clean_tmpdir.js
2021-06-10 20:55:29,116 INFO 14608 [egg-schedule]: register schedule C:\珠峰培训\21框架2期\iframe-2021-02\learn_node\day3\lear-egg\node_modules\egg-logrotator\app\schedule\clean_log.js
2021-06-10 20:55:29,116 INFO 14608 [egg-schedule]: register schedule C:\珠峰培训\21框架2期\iframe-2021-02\learn_node\day3\lear-egg\node_modules\egg-logrotator\app\schedule\rotate_by_file.js
2021-06-10 20:59:38,031 INFO 15128 [egg-schedule]: register schedule C:\珠峰培训\21框架2期\iframe-2021-02\learn_node\day3\lear-egg\node_modules\egg-multipart\app\schedule\clean_tmpdir.js
2021-06-10 20:59:38,031 INFO 15128 [egg-schedule]: register schedule C:\珠峰培训\21框架2期\iframe-2021-02\learn_node\day3\lear-egg\node_modules\egg-logrotator\app\schedule\clean_log.js
2021-06-10 20:59:38,031 INFO 15128 [egg-schedule]: register schedule C:\珠峰培训\21框架2期\iframe-2021-02\learn_node\day3\lear-egg\node_modules\egg-logrotator\app\schedule\rotate_by_file.js
